[2019-01-07 17:01:18] Текст ошибки: Нет соедениня с БД | Файл: C:\OSPanel\domains\ishop2.loc\vendor\ishop\core\Db.php 
        | Строка: 21
====================
[2019-01-07 17:01:18] Текст ошибки: Страница не найдена | Файл: C:\OSPanel\domains\ishop2.loc\vendor\ishop\core\Router.php 
        | Строка: 48
====================
[2019-01-07 17:01:21] Текст ошибки: Нет соедениня с БД | Файл: C:\OSPanel\domains\ishop2.loc\vendor\ishop\core\Db.php 
        | Строка: 21
====================
[2019-01-07 17:04:01] Текст ошибки: Нет соедениня с БД | Файл: C:\OSPanel\domains\ishop2.loc\vendor\ishop\core\Db.php 
        | Строка: 21
====================
[2019-01-07 17:38:50] Текст ошибки: Страница не найдена | Файл: C:\OSPanel\domains\ishop2.loc\vendor\ishop\core\Router.php 
        | Строка: 48
====================
[2019-01-07 17:39:21] Текст ошибки: Страница не найдена | Файл: C:\OSPanel\domains\ishop2.loc\vendor\ishop\core\Router.php 
        | Строка: 48
====================
[2019-01-07 17:39:32] Текст ошибки: Страница не найдена | Файл: C:\OSPanel\domains\ishop2.loc\vendor\ishop\core\Router.php 
        | Строка: 48
====================
[2019-01-07 17:39:37] Текст ошибки: Страница не найдена | Файл: C:\OSPanel\domains\ishop2.loc\vendor\ishop\core\Router.php 
        | Строка: 48
====================
[2019-01-07 17:39:38] Текст ошибки: Страница не найдена | Файл: C:\OSPanel\domains\ishop2.loc\vendor\ishop\core\Router.php 
        | Строка: 48
====================
[2019-01-07 17:39:39] Текст ошибки: Страница не найдена | Файл: C:\OSPanel\domains\ishop2.loc\vendor\ishop\core\Router.php 
        | Строка: 48
====================
[2019-01-07 17:39:41] Текст ошибки: Страница не найдена | Файл: C:\OSPanel\domains\ishop2.loc\vendor\ishop\core\Router.php 
        | Строка: 48
====================
[2019-01-07 17:39:41] Текст ошибки: Страница не найдена | Файл: C:\OSPanel\domains\ishop2.loc\vendor\ishop\core\Router.php 
        | Строка: 48
====================
[2019-01-07 17:39:42] Текст ошибки: Страница не найдена | Файл: C:\OSPanel\domains\ishop2.loc\vendor\ishop\core\Router.php 
        | Строка: 48
====================
[2019-01-07 17:39:43] Текст ошибки: Страница не найдена | Файл: C:\OSPanel\domains\ishop2.loc\vendor\ishop\core\Router.php 
        | Строка: 48
====================
[2019-01-07 17:39:44] Текст ошибки: Страница не найдена | Файл: C:\OSPanel\domains\ishop2.loc\vendor\ishop\core\Router.php 
        | Строка: 48
====================
[2019-01-07 17:42:14] Текст ошибки: Страница не найдена | Файл: C:\OSPanel\domains\ishop2.loc\vendor\ishop\core\Router.php 
        | Строка: 48
====================
[2019-01-07 17:42:15] Текст ошибки: Страница не найдена | Файл: C:\OSPanel\domains\ishop2.loc\vendor\ishop\core\Router.php 
        | Строка: 48
====================
[2019-01-07 17:42:17] Текст ошибки: Страница не найдена | Файл: C:\OSPanel\domains\ishop2.loc\vendor\ishop\core\Router.php 
        | Строка: 48
====================
[2019-01-07 17:42:18] Текст ошибки: Страница не найдена | Файл: C:\OSPanel\domains\ishop2.loc\vendor\ishop\core\Router.php 
        | Строка: 48
====================
[2019-01-07 17:42:19] Текст ошибки: Страница не найдена | Файл: C:\OSPanel\domains\ishop2.loc\vendor\ishop\core\Router.php 
        | Строка: 48
====================
[2019-01-07 17:42:25] Текст ошибки: Страница не найдена | Файл: C:\OSPanel\domains\ishop2.loc\vendor\ishop\core\Router.php 
        | Строка: 48
====================
[2019-01-07 17:42:26] Текст ошибки: Страница не найдена | Файл: C:\OSPanel\domains\ishop2.loc\vendor\ishop\core\Router.php 
        | Строка: 48
====================
[2019-01-07 17:42:27] Текст ошибки: Страница не найдена | Файл: C:\OSPanel\domains\ishop2.loc\vendor\ishop\core\Router.php 
        | Строка: 48
====================
[2019-01-07 17:42:28] Текст ошибки: Страница не найдена | Файл: C:\OSPanel\domains\ishop2.loc\vendor\ishop\core\Router.php 
        | Строка: 48
====================
[2019-01-07 17:42:28] Текст ошибки: Страница не найдена | Файл: C:\OSPanel\domains\ishop2.loc\vendor\ishop\core\Router.php 
        | Строка: 48
====================
[2019-01-07 17:42:29] Текст ошибки: Страница не найдена | Файл: C:\OSPanel\domains\ishop2.loc\vendor\ishop\core\Router.php 
        | Строка: 48
====================
[2019-01-07 17:42:30] Текст ошибки: Страница не найдена | Файл: C:\OSPanel\domains\ishop2.loc\vendor\ishop\core\Router.php 
        | Строка: 48
====================
[2019-01-07 17:42:30] Текст ошибки: Страница не найдена | Файл: C:\OSPanel\domains\ishop2.loc\vendor\ishop\core\Router.php 
        | Строка: 48
====================
[2019-01-07 17:42:40] Текст ошибки: Страница не найдена | Файл: C:\OSPanel\domains\ishop2.loc\vendor\ishop\core\Router.php 
        | Строка: 48
====================
[2019-01-07 17:42:42] Текст ошибки: Страница не найдена | Файл: C:\OSPanel\domains\ishop2.loc\vendor\ishop\core\Router.php 
        | Строка: 48
====================
[2019-01-07 17:42:48] Текст ошибки: Страница не найдена | Файл: C:\OSPanel\domains\ishop2.loc\vendor\ishop\core\Router.php 
        | Строка: 48
====================
[2019-01-07 17:43:26] Текст ошибки: Страница не найдена | Файл: C:\OSPanel\domains\ishop2.loc\vendor\ishop\core\Router.php 
        | Строка: 48
====================
[2019-01-07 17:44:30] Текст ошибки: Страница не найдена | Файл: C:\OSPanel\domains\ishop2.loc\vendor\ishop\core\Router.php 
        | Строка: 48
====================
[2019-01-07 17:44:32] Текст ошибки: Страница не найдена | Файл: C:\OSPanel\domains\ishop2.loc\vendor\ishop\core\Router.php 
        | Строка: 48
====================
[2019-01-07 17:44:33] Текст ошибки: Страница не найдена | Файл: C:\OSPanel\domains\ishop2.loc\vendor\ishop\core\Router.php 
        | Строка: 48
====================
[2019-01-07 17:44:34] Текст ошибки: Страница не найдена | Файл: C:\OSPanel\domains\ishop2.loc\vendor\ishop\core\Router.php 
        | Строка: 48
====================
[2019-01-07 17:44:35] Текст ошибки: Страница не найдена | Файл: C:\OSPanel\domains\ishop2.loc\vendor\ishop\core\Router.php 
        | Строка: 48
====================
[2019-01-07 17:44:36] Текст ошибки: Страница не найдена | Файл: C:\OSPanel\domains\ishop2.loc\vendor\ishop\core\Router.php 
        | Строка: 48
====================
[2019-01-07 17:44:43] Текст ошибки: Контроллер app\controllers\CartController не найден | Файл: C:\OSPanel\domains\ishop2.loc\vendor\ishop\core\Router.php 
        | Строка: 45
====================
[2019-01-07 17:44:45] Текст ошибки: Страница не найдена | Файл: C:\OSPanel\domains\ishop2.loc\vendor\ishop\core\Router.php 
        | Строка: 48
====================
[2019-02-05 19:19:15] Текст ошибки: Страница не найдена | Файл: C:\OSPanel\domains\ishop2.loc\vendor\ishop\core\Router.php 
        | Строка: 48
====================
[2019-02-05 19:19:16] Текст ошибки: Страница не найдена | Файл: C:\OSPanel\domains\ishop2.loc\vendor\ishop\core\Router.php 
        | Строка: 48
====================
[2019-02-05 19:37:02] Текст ошибки: Контроллер app\controllers\CartController не найден | Файл: C:\OSPanel\domains\ishop2.loc\vendor\ishop\core\Router.php 
        | Строка: 45
====================
[2019-02-05 19:38:07] Текст ошибки: Страница не найдена | Файл: C:\OSPanel\domains\ishop2.loc\vendor\ishop\core\Router.php 
        | Строка: 48
====================
[2019-02-05 19:57:22] Текст ошибки: Страница не найдена | Файл: C:\OSPanel\domains\ishop2.loc\vendor\ishop\core\Router.php 
        | Строка: 48
====================
[2019-02-05 20:02:15] Текст ошибки: Страница не найдена | Файл: C:\OSPanel\domains\ishop2.loc\vendor\ishop\core\Router.php 
        | Строка: 48
====================
[2019-02-05 20:12:00] Текст ошибки: Страница не найдена | Файл: C:\OSPanel\domains\ishop2.loc\vendor\ishop\core\Router.php 
        | Строка: 48
====================
[2019-02-05 20:14:08] Текст ошибки: Страница не найдена | Файл: C:\OSPanel\domains\ishop2.loc\vendor\ishop\core\Router.php 
        | Строка: 48
====================
[2019-02-05 20:14:10] Текст ошибки: Страница не найдена | Файл: C:\OSPanel\domains\ishop2.loc\vendor\ishop\core\Router.php 
        | Строка: 48
====================
[2019-02-21 14:22:17] Текст ошибки: Страница не найдена | Файл: C:\OSPanel\domains\ishop2.loc\vendor\ishop\core\Router.php 
        | Строка: 48
====================
[2019-02-21 14:22:18] Текст ошибки: Страница не найдена | Файл: C:\OSPanel\domains\ishop2.loc\vendor\ishop\core\Router.php 
        | Строка: 48
====================
[2019-02-21 14:22:23] Текст ошибки: Страница не найдена | Файл: C:\OSPanel\domains\ishop2.loc\vendor\ishop\core\Router.php 
        | Строка: 48
====================
[2019-02-21 14:22:27] Текст ошибки: Страница не найдена | Файл: C:\OSPanel\domains\ishop2.loc\vendor\ishop\core\Router.php 
        | Строка: 48
====================
[2019-02-21 14:32:17] Текст ошибки: Страница не найдена | Файл: C:\OSPanel\domains\ishop2.loc\vendor\ishop\core\Router.php 
        | Строка: 48
====================
[2019-02-21 16:33:30] Текст ошибки: Страница не найдена | Файл: C:\OSPanel\domains\ishop2.loc\vendor\ishop\core\Router.php 
        | Строка: 48
====================
[2019-02-21 16:33:30] Текст ошибки: Страница не найдена | Файл: C:\OSPanel\domains\ishop2.loc\vendor\ishop\core\Router.php 
        | Строка: 48
====================
[2019-02-21 16:36:45] Текст ошибки: Страница не найдена | Файл: C:\OSPanel\domains\ishop2.loc\vendor\ishop\core\Router.php 
        | Строка: 48
====================
[2019-02-21 16:36:51] Текст ошибки: Страница не найдена | Файл: C:\OSPanel\domains\ishop2.loc\vendor\ishop\core\Router.php 
        | Строка: 48
====================
[2019-02-21 16:36:58] Текст ошибки: Страница не найдена | Файл: C:\OSPanel\domains\ishop2.loc\vendor\ishop\core\Router.php 
        | Строка: 48
====================
[2019-02-21 16:36:59] Текст ошибки: Страница не найдена | Файл: C:\OSPanel\domains\ishop2.loc\vendor\ishop\core\Router.php 
        | Строка: 48
====================
[2019-02-21 16:37:02] Текст ошибки: Страница не найдена | Файл: C:\OSPanel\domains\ishop2.loc\vendor\ishop\core\Router.php 
        | Строка: 48
====================
[2019-02-21 16:37:03] Текст ошибки: Страница не найдена | Файл: C:\OSPanel\domains\ishop2.loc\vendor\ishop\core\Router.php 
        | Строка: 48
====================
[2019-02-21 16:37:24] Текст ошибки: Страница не найдена | Файл: C:\OSPanel\domains\ishop2.loc\vendor\ishop\core\Router.php 
        | Строка: 48
====================
[2019-02-21 16:37:43] Текст ошибки: Страница не найдена | Файл: C:\OSPanel\domains\ishop2.loc\vendor\ishop\core\Router.php 
        | Строка: 48
====================
[2019-02-21 16:37:46] Текст ошибки: Страница не найдена | Файл: C:\OSPanel\domains\ishop2.loc\vendor\ishop\core\Router.php 
        | Строка: 48
====================
[2019-02-21 16:37:50] Текст ошибки: Страница не найдена | Файл: C:\OSPanel\domains\ishop2.loc\vendor\ishop\core\Router.php 
        | Строка: 48
====================
[2019-02-21 16:37:50] Текст ошибки: Страница не найдена | Файл: C:\OSPanel\domains\ishop2.loc\vendor\ishop\core\Router.php 
        | Строка: 48
====================
[2019-02-21 16:44:46] Текст ошибки: Страница не найдена | Файл: C:\OSPanel\domains\ishop2.loc\vendor\ishop\core\Router.php 
        | Строка: 48
====================
[2019-02-21 16:44:52] Текст ошибки: Страница не найдена | Файл: C:\OSPanel\domains\ishop2.loc\vendor\ishop\core\Router.php 
        | Строка: 48
====================
[2019-02-21 16:57:20] Текст ошибки: Страница не найдена | Файл: C:\OSPanel\domains\ishop2.loc\vendor\ishop\core\Router.php 
        | Строка: 48
====================
[2019-02-21 16:57:23] Текст ошибки: Страница не найдена | Файл: C:\OSPanel\domains\ishop2.loc\vendor\ishop\core\Router.php 
        | Строка: 48
====================
[2019-02-21 16:57:51] Текст ошибки: Страница не найдена | Файл: C:\OSPanel\domains\ishop2.loc\vendor\ishop\core\Router.php 
        | Строка: 48
====================
[2019-02-21 16:57:53] Текст ошибки: Страница не найдена | Файл: C:\OSPanel\domains\ishop2.loc\vendor\ishop\core\Router.php 
        | Строка: 48
====================
[2019-02-21 16:57:54] Текст ошибки: Страница не найдена | Файл: C:\OSPanel\domains\ishop2.loc\vendor\ishop\core\Router.php 
        | Строка: 48
====================
[2019-02-21 16:57:56] Текст ошибки: Страница не найдена | Файл: C:\OSPanel\domains\ishop2.loc\vendor\ishop\core\Router.php 
        | Строка: 48
====================
[2019-02-21 16:58:02] Текст ошибки: Страница не найдена | Файл: C:\OSPanel\domains\ishop2.loc\vendor\ishop\core\Router.php 
        | Строка: 48
====================
[2019-02-21 16:58:03] Текст ошибки: Страница не найдена | Файл: C:\OSPanel\domains\ishop2.loc\vendor\ishop\core\Router.php 
        | Строка: 48
====================
[2019-02-21 16:58:04] Текст ошибки: Страница не найдена | Файл: C:\OSPanel\domains\ishop2.loc\vendor\ishop\core\Router.php 
        | Строка: 48
====================
[2019-02-21 16:58:05] Текст ошибки: Страница не найдена | Файл: C:\OSPanel\domains\ishop2.loc\vendor\ishop\core\Router.php 
        | Строка: 48
====================
[2019-02-21 16:58:06] Текст ошибки: Страница не найдена | Файл: C:\OSPanel\domains\ishop2.loc\vendor\ishop\core\Router.php 
        | Строка: 48
====================
[2019-02-21 16:58:07] Текст ошибки: Страница не найдена | Файл: C:\OSPanel\domains\ishop2.loc\vendor\ishop\core\Router.php 
        | Строка: 48
====================
[2019-02-21 16:58:08] Текст ошибки: Страница не найдена | Файл: C:\OSPanel\domains\ishop2.loc\vendor\ishop\core\Router.php 
        | Строка: 48
====================
[2019-02-21 16:58:10] Текст ошибки: Страница не найдена | Файл: C:\OSPanel\domains\ishop2.loc\vendor\ishop\core\Router.php 
        | Строка: 48
====================
[2019-02-21 16:58:11] Текст ошибки: Страница не найдена | Файл: C:\OSPanel\domains\ishop2.loc\vendor\ishop\core\Router.php 
        | Строка: 48
====================
[2019-02-21 16:58:11] Текст ошибки: Страница не найдена | Файл: C:\OSPanel\domains\ishop2.loc\vendor\ishop\core\Router.php 
        | Строка: 48
====================
[2019-02-21 16:58:28] Текст ошибки: Страница не найдена | Файл: C:\OSPanel\domains\ishop2.loc\vendor\ishop\core\Router.php 
        | Строка: 48
====================
[2019-02-21 16:58:29] Текст ошибки: Страница не найдена | Файл: C:\OSPanel\domains\ishop2.loc\vendor\ishop\core\Router.php 
        | Строка: 48
====================
[2019-02-21 16:58:30] Текст ошибки: Страница не найдена | Файл: C:\OSPanel\domains\ishop2.loc\vendor\ishop\core\Router.php 
        | Строка: 48
====================
[2019-02-21 16:58:31] Текст ошибки: Страница не найдена | Файл: C:\OSPanel\domains\ishop2.loc\vendor\ishop\core\Router.php 
        | Строка: 48
====================
[2019-02-21 16:58:32] Текст ошибки: Страница не найдена | Файл: C:\OSPanel\domains\ishop2.loc\vendor\ishop\core\Router.php 
        | Строка: 48
====================
